-s
monopse: localhost STATUS
carlos.patlan@nextel.com.mx diego.ubach@nextel.com.mx roberto.gomez@nextel.com.mx cesar.aquino@nextel.com.mx andres.franco@nextel.com.mx andres.aquino@gmail.com 5541146585@msgnextel.com.mx 5519925424@msgnextel.com.mx 5519419071@msgnextel.com.mx
-s
monopse: localhost STATUS
carlos.patlan@nextel.com.mx diego.ubach@nextel.com.mx roberto.gomez@nextel.com.mx cesar.aquino@nextel.com.mx andres.franco@nextel.com.mx andres.aquino@gmail.com 5541146585@msgnextel.com.mx 5519925424@msgnextel.com.mx 5519419071@msgnextel.com.mx
-s
monopse: localhost Startup SUCCESS
-r
-s
localhost FULL THREAD DUMP (monopse/localhost_20080605-051359.ftd)
andres.aquino@gmail.com
-s
monopse: localhost STATUS
andres.aquino@gmail.com
-s
localhost DEBUG INFO
andres.aquino@gmail.com
-s
localhost DEBUG INFO
andres.aquino@gmail.com
-s
localhost DEBUG INFO
andres.aquino@gmail.com
-s
localhost DEBUG INFO
andres.aquino@gmail.com
-s
localhost DEBUG INFO
andres.aquino@gmail.com
-s
localhost DEBUG INFO
andres.aquino@gmail.com
-s
localhost DEBUG INFO
andres.aquino@gmail.com
-s
localhost DEBUG INFO
andres.aquino@gmail.com
-s
localhost DEBUG INFO
andres.aquino@gmail.com
-s
localhost DEBUG INFO
andres.aquino@gmail.com
-s
localhost DEBUG INFO
andres.aquino@gmail.com
-s
localhost DEBUG INFO
andres.aquino@gmail.com
-s
localhost FULL THREAD DUMP (monopse/localhost_20080605-061811.ftd)
_NULL_
-s
localhost FULL THREAD DUMP (monopse/localhost_20080605-061909.ftd)
_NULL_
-s
localhost FULL THREAD DUMP (monopse/localhost_20080605-061915.ftd)
_NULL_
-s
localhost FULL THREAD DUMP (monopse/localhost_20080605-062013.ftd)
_NULL_
-s
localhost FULL THREAD DUMP (monopse/localhost_20080605-071009.ftd)
_NULL_
-s
localhost FULL THREAD DUMP (monopse/localhost_20080605-071035.ftd)
_NULL_
-s
localhost FULL THREAD DUMP (monopse/localhost_20080605-071211.ftd)
_NULL_
-s
localhost FULL THREAD DUMP Tue Jun 10 02:02:29 CDT 2008 (monopse/localhost_20080610-020229.ftd)
andresaquino@gmail.com
